<?xml version="1.0" encoding="UTF-8"?>
<testsuite xmlns:xsi="http://www.w3.org/2001/XMLSchema-instance" xsi:noNamespaceSchemaLocation="https://maven.apache.org/surefire/maven-surefire-plugin/xsd/surefire-test-report-3.0.xsd" version="3.0" name="ec.espe.edu.calculator.controller.OperationControllerTest" time="0.103" tests="4" errors="4" skipped="0" failures="0">
  <properties>
    <property name="java.specification.version" value="23"/>
    <property name="sun.cpu.isalist" value="amd64"/>
    <property name="sun.jnu.encoding" value="Cp1252"/>
    <property name="java.class.path" value="C:\Users\G406\Documents\ESPE2410-OOPSW1973\ws\cuichan\U2\WS26\Calculator\target\test-classes;C:\Users\G406\Documents\ESPE2410-OOPSW1973\ws\cuichan\U2\WS26\Calculator\target\classes;C:\Users\G406\.m2\repository\org\junit\jupiter\junit-jupiter-api\5.10.3\junit-jupiter-api-5.10.3.jar;C:\Users\G406\.m2\repository\org\opentest4j\opentest4j\1.3.0\opentest4j-1.3.0.jar;C:\Users\G406\.m2\repository\org\junit\platform\junit-platform-commons\1.10.3\junit-platform-commons-1.10.3.jar;C:\Users\G406\.m2\repository\org\apiguardian\apiguardian-api\1.1.2\apiguardian-api-1.1.2.jar;C:\Users\G406\.m2\repository\org\junit\jupiter\junit-jupiter-params\5.10.3\junit-jupiter-params-5.10.3.jar;C:\Users\G406\.m2\repository\org\junit\jupiter\junit-jupiter-engine\5.10.3\junit-jupiter-engine-5.10.3.jar;C:\Users\G406\.m2\repository\org\junit\platform\junit-platform-engine\1.10.3\junit-platform-engine-1.10.3.jar;"/>
    <property name="java.vm.vendor" value="Oracle Corporation"/>
    <property name="sun.arch.data.model" value="64"/>
    <property name="user.variant" value=""/>
    <property name="java.vendor.url" value="https://java.oracle.com/"/>
    <property name="user.timezone" value="America/Guayaquil"/>
    <property name="os.name" value="Windows 11"/>
    <property name="java.vm.specification.version" value="23"/>
    <property name="user.country" value="EC"/>
    <property name="sun.java.launcher" value="SUN_STANDARD"/>
    <property name="sun.boot.library.path" value="C:\Program Files\Java\jdk-23\bin"/>
    <property name="sun.java.command" value="C:\Users\G406\AppData\Local\Temp\surefire12448434423061601408\surefirebooter-20250120145426163_3.jar C:\Users\G406\AppData\Local\Temp\surefire12448434423061601408 2025-01-20T14-54-25_963-jvmRun1 surefire-20250120145426163_1tmp surefire_0-20250120145426163_2tmp"/>
    <property name="jdk.debug" value="release"/>
    <property name="test" value="ec.espe.edu.calculator.controller.OperationControllerTest"/>
    <property name="surefire.test.class.path" value="C:\Users\G406\Documents\ESPE2410-OOPSW1973\ws\cuichan\U2\WS26\Calculator\target\test-classes;C:\Users\G406\Documents\ESPE2410-OOPSW1973\ws\cuichan\U2\WS26\Calculator\target\classes;C:\Users\G406\.m2\repository\org\junit\jupiter\junit-jupiter-api\5.10.3\junit-jupiter-api-5.10.3.jar;C:\Users\G406\.m2\repository\org\opentest4j\opentest4j\1.3.0\opentest4j-1.3.0.jar;C:\Users\G406\.m2\repository\org\junit\platform\junit-platform-commons\1.10.3\junit-platform-commons-1.10.3.jar;C:\Users\G406\.m2\repository\org\apiguardian\apiguardian-api\1.1.2\apiguardian-api-1.1.2.jar;C:\Users\G406\.m2\repository\org\junit\jupiter\junit-jupiter-params\5.10.3\junit-jupiter-params-5.10.3.jar;C:\Users\G406\.m2\repository\org\junit\jupiter\junit-jupiter-engine\5.10.3\junit-jupiter-engine-5.10.3.jar;C:\Users\G406\.m2\repository\org\junit\platform\junit-platform-engine\1.10.3\junit-platform-engine-1.10.3.jar;"/>
    <property name="sun.cpu.endian" value="little"/>
    <property name="user.home" value="C:\Users\G406"/>
    <property name="user.language" value="es"/>
    <property name="java.specification.vendor" value="Oracle Corporation"/>
    <property name="java.version.date" value="2024-10-15"/>
    <property name="java.home" value="C:\Program Files\Java\jdk-23"/>
    <property name="file.separator" value="\"/>
    <property name="basedir" value="C:\Users\G406\Documents\ESPE2410-OOPSW1973\ws\cuichan\U2\WS26\Calculator"/>
    <property name="java.vm.compressedOopsMode" value="Zero based"/>
    <property name="line.separator" value="&#10;"/>
    <property name="java.vm.specification.vendor" value="Oracle Corporation"/>
    <property name="java.specification.name" value="Java Platform API Specification"/>
    <property name="surefire.real.class.path" value="C:\Users\G406\AppData\Local\Temp\surefire12448434423061601408\surefirebooter-20250120145426163_3.jar"/>
    <property name="user.script" value=""/>
    <property name="sun.management.compiler" value="HotSpot 64-Bit Tiered Compilers"/>
    <property name="java.runtime.version" value="23.0.1+11-39"/>
    <property name="user.name" value="LABS-DCCO"/>
    <property name="stdout.encoding" value="Cp1252"/>
    <property name="path.separator" value=";"/>
    <property name="os.version" value="10.0"/>
    <property name="java.runtime.name" value="Java(TM) SE Runtime Environment"/>
    <property name="file.encoding" value="UTF-8"/>
    <property name="java.vm.name" value="Java HotSpot(TM) 64-Bit Server VM"/>
    <property name="maven.ext.class.path" value="C:\Program Files\NetBeans-23\netbeans\java\maven-nblib\netbeans-eventspy.jar"/>
    <property name="localRepository" value="C:\Users\G406\.m2\repository"/>
    <property name="java.vendor.url.bug" value="https://bugreport.java.com/bugreport/"/>
    <property name="java.io.tmpdir" value="C:\Users\G406\AppData\Local\Temp\"/>
    <property name="java.version" value="23.0.1"/>
    <property name="user.dir" value="C:\Users\G406\Documents\ESPE2410-OOPSW1973\ws\cuichan\U2\WS26\Calculator"/>
    <property name="os.arch" value="amd64"/>
    <property name="java.vm.specification.name" value="Java Virtual Machine Specification"/>
    <property name="sun.os.patch.level" value=""/>
    <property name="native.encoding" value="Cp1252"/>
    <property name="java.library.path" value="C:\Program Files\Java\jdk-23\bin;C:\Windows\Sun\Java\bin;C:\Windows\system32;C:\Windows;C:\Program Files\Common Files\Oracle\Java\javapath;C:\Windows\system32;C:\Windows;C:\Windows\System32\Wbem;C:\Windows\System32\WindowsPowerShell\v1.0\;C:\Windows\System32\OpenSSH\;C:\Program Files\Git\cmd;C:\Users\G406\AppData\Local\Programs\Python\Launcher\;C:\Users\G406\AppData\Local\Microsoft\WindowsApps;C:\Users\G406\AppData\Local\Programs\Microsoft VS Code\bin;C:\Users\G406\AppData\Local\Programs\mongosh\;C:\Users\G406\AppData\Local\GitHubDesktop\bin;."/>
    <property name="java.vm.info" value="mixed mode, sharing"/>
    <property name="stderr.encoding" value="Cp1252"/>
    <property name="java.vendor" value="Oracle Corporation"/>
    <property name="java.vm.version" value="23.0.1+11-39"/>
    <property name="sun.io.unicode.encoding" value="UnicodeLittle"/>
    <property name="java.class.version" value="67.0"/>
  </properties>
  <testcase name="testAdd" classname="ec.espe.edu.calculator.controller.OperationControllerTest" time="0.026">
    <error message="Cannot invoke &quot;ec.espe.edu.calculator.controller.OperationController.add(float, float)&quot; because &quot;instance&quot; is null" type="java.lang.NullPointerException"><![CDATA[java.lang.NullPointerException: Cannot invoke "ec.espe.edu.calculator.controller.OperationController.add(float, float)" because "instance" is null
	at ec.espe.edu.calculator.controller.OperationControllerTest.testAdd(OperationControllerTest.java:50)
	at java.base/java.lang.reflect.Method.invoke(Method.java:580)
	at java.base/java.util.ArrayList.forEach(ArrayList.java:1597)
	at java.base/java.util.ArrayList.forEach(ArrayList.java:1597)
]]></error>
    <system-out><![CDATA[add
]]></system-out>
  </testcase>
  <testcase name="testSetBasicOperation" classname="ec.espe.edu.calculator.controller.OperationControllerTest" time="0.005">
    <error message="Cannot invoke &quot;ec.espe.edu.calculator.controller.OperationController.setBasicOperation(ec.espe.edu.calculator.model.BasicOperation)&quot; because &quot;instance&quot; is null" type="java.lang.NullPointerException"><![CDATA[java.lang.NullPointerException: Cannot invoke "ec.espe.edu.calculator.controller.OperationController.setBasicOperation(ec.espe.edu.calculator.model.BasicOperation)" because "instance" is null
	at ec.espe.edu.calculator.controller.OperationControllerTest.testSetBasicOperation(OperationControllerTest.java:93)
	at java.base/java.lang.reflect.Method.invoke(Method.java:580)
	at java.base/java.util.ArrayList.forEach(ArrayList.java:1597)
	at java.base/java.util.ArrayList.forEach(ArrayList.java:1597)
]]></error>
    <system-out><![CDATA[setBasicOperation
]]></system-out>
  </testcase>
  <testcase name="testAddition" classname="ec.espe.edu.calculator.controller.OperationControllerTest" time="0.007">
    <error message="Cannot invoke &quot;ec.espe.edu.calculator.controller.OperationController.addition(ec.espe.edu.calculator.model.BasicOperation)&quot; because &quot;instance&quot; is null" type="java.lang.NullPointerException"><![CDATA[java.lang.NullPointerException: Cannot invoke "ec.espe.edu.calculator.controller.OperationController.addition(ec.espe.edu.calculator.model.BasicOperation)" because "instance" is null
	at ec.espe.edu.calculator.controller.OperationControllerTest.testAddition(OperationControllerTest.java:65)
	at java.base/java.lang.reflect.Method.invoke(Method.java:580)
	at java.base/java.util.ArrayList.forEach(ArrayList.java:1597)
	at java.base/java.util.ArrayList.forEach(ArrayList.java:1597)
]]></error>
    <system-out><![CDATA[addition
]]></system-out>
  </testcase>
  <testcase name="testGetBasicOperation" classname="ec.espe.edu.calculator.controller.OperationControllerTest" time="0.007">
    <error message="Cannot invoke &quot;ec.espe.edu.calculator.controller.OperationController.getBasicOperation()&quot; because &quot;instance&quot; is null" type="java.lang.NullPointerException"><![CDATA[java.lang.NullPointerException: Cannot invoke "ec.espe.edu.calculator.controller.OperationController.getBasicOperation()" because "instance" is null
	at ec.espe.edu.calculator.controller.OperationControllerTest.testGetBasicOperation(OperationControllerTest.java:79)
	at java.base/java.lang.reflect.Method.invoke(Method.java:580)
	at java.base/java.util.ArrayList.forEach(ArrayList.java:1597)
	at java.base/java.util.ArrayList.forEach(ArrayList.java:1597)
]]></error>
    <system-out><![CDATA[getBasicOperation
]]></system-out>
  </testcase>
</testsuite>